<?xml version="1.0" encoding="UTF-8"?>
<testng-results ignored="0" total="1" passed="1" failed="0" skipped="0">
  <reporter-output>
  </reporter-output>
  <suite started-at="2020-01-30T01:03:00 CST" name="Default suite" finished-at="2020-01-30T01:03:05 CST" duration-ms="5123">
    <groups>
    </groups>
    <test started-at="2020-01-30T01:03:00 CST" name="Default test" finished-at="2020-01-30T01:03:05 CST" duration-ms="5123">
      <class name="testcases.AddProduct">
        <test-method signature="testcaseone(java.lang.String, java.lang.String, java.lang.String, java.lang.String, java.lang.String, java.lang.String, java.lang.String, java.lang.String, java.lang.String, java.lang.String, java.lang.String)[pri:1, instance:testcases.AddProduct@647fd8ce]" started-at="2020-01-30T01:03:01 CST" name="testcaseone" data-provider="getProductData" finished-at="2020-01-30T01:03:05 CST" duration-ms="4464" status="PASS">
          <params>
            <param index="0">
              <value>
                <![CDATA[true]]>
              </value>
            </param>
            <param index="1">
              <value>
                <![CDATA[4.0]]>
              </value>
            </param>
            <param index="2">
              <value>
                <![CDATA[white]]>
              </value>
            </param>
            <param index="3">
              <value>
                <![CDATA[2019-08-01]]>
              </value>
            </param>
            <param index="4">
              <value>
                <![CDATA[youll never leave]]>
              </value>
            </param>
            <param index="5">
              <value>
                <![CDATA[10.0]]>
              </value>
            </param>
            <param index="6">
              <value>
                <![CDATA[soft cotton, sandal Wood]]>
              </value>
            </param>
            <param index="7">
              <value>
                <![CDATA[Tacoma kingbed]]>
              </value>
            </param>
            <param index="8">
              <value>
                <![CDATA[24000.0]]>
              </value>
            </param>
            <param index="9">
              <value>
                <![CDATA[2019-09-01]]>
              </value>
            </param>
            <param index="10">
              <value>
                <![CDATA[10.0]]>
              </value>
            </param>
          </params>
          <reporter-output>
          </reporter-output>
        </test-method> <!-- testcaseone -->
      </class> <!-- testcases.AddProduct -->
    </test> <!-- Default test -->
  </suite> <!-- Default suite -->
</testng-results>
