<?xml version="1.0" encoding="UTF-8"?>
<testng-results skipped="0" failed="0" ignored="0" total="1" passed="1">
  <reporter-output>
  </reporter-output>
  <suite name="Default suite" duration-ms="1417" started-at="2020-01-30T04:26:07Z" finished-at="2020-01-30T04:26:09Z">
    <groups>
    </groups>
    <test name="Default test" duration-ms="1417" started-at="2020-01-30T04:26:07Z" finished-at="2020-01-30T04:26:09Z">
      <class name="testcases.AddProduct">
        <test-method status="PASS" signature="testcaseone()[pri:0, instance:testcases.AddProduct@457e2f02]" name="testcaseone" duration-ms="1385" started-at="2020-01-30T04:26:07Z" finished-at="2020-01-30T04:26:09Z">
          <reporter-output>
          </reporter-output>
        </test-method> <!-- testcaseone -->
      </class> <!-- testcases.AddProduct -->
    </test> <!-- Default test -->
  </suite> <!-- Default suite -->
</testng-results>
